<?xml version="1.0" encoding="UTF-8"?>
<testng-results ignored="0" total="1" passed="1" failed="0" skipped="0">
  <reporter-output>
  </reporter-output>
  <suite started-at="2020-10-19T11:08:38 IST" name="Default suite" finished-at="2020-10-19T11:09:06 IST" duration-ms="27869">
    <groups>
    </groups>
    <test started-at="2020-10-19T11:08:38 IST" name="Default test" finished-at="2020-10-19T11:09:06 IST" duration-ms="27869">
      <class name="hackathon.hackathon">
        <test-method is-config="true" signature="OpenBrowser()[pri:0, instance:hackathon.hackathon@671a5887]" started-at="2020-10-19T11:08:38 IST" name="OpenBrowser" finished-at="2020-10-19T11:08:43 IST" duration-ms="4983" status="PASS">
          <reporter-output>
          </reporter-output>
        </test-method> <!-- OpenBrowser -->
        <test-method signature="urbanLadder()[pri:0, instance:hackathon.hackathon@671a5887]" started-at="2020-10-19T11:08:43 IST" name="urbanLadder" finished-at="2020-10-19T11:09:05 IST" duration-ms="21983" status="PASS">
          <reporter-output>
          </reporter-output>
        </test-method> <!-- urbanLadder -->
        <test-method is-config="true" signature="quitBrowser()[pri:0, instance:hackathon.hackathon@671a5887]" started-at="2020-10-19T11:09:05 IST" name="quitBrowser" finished-at="2020-10-19T11:09:06 IST" duration-ms="832" status="PASS">
          <reporter-output>
          </reporter-output>
        </test-method> <!-- quitBrowser -->
      </class> <!-- hackathon.hackathon -->
    </test> <!-- Default test -->
  </suite> <!-- Default suite -->
</testng-results>
